<?xml version="1.0" encoding="UTF-8" ?>
<testsuite tests="38" failures="0" name="com.testrunner.TestRunner" time="1.186" errors="0" skipped="0">
  <properties>
    <property name="java.vendor" value="Oracle Corporation"/>
    <property name="JOB_NAME" value="GCRCucumber"/>
    <property name="sun.java.launcher" value="SUN_STANDARD"/>
    <property name="NUMBER_OF_PROCESSORS" value="4"/>
    <property name="sun.management.compiler" value="HotSpot 64-Bit Tiered Compilers"/>
    <property name="JENKINS_HOME" value="C:\Users\CHINU\.jenkins"/>
    <property name="HUDSON_SERVER_COOKIE" value="46345e726cee1f21"/>
    <property name="os.name" value="Windows 10"/>
    <property name="sun.boot.class.path" value="C:\Program Files\Java\jdk1.8.0_202\jre\lib\resources.jar;C:\Program Files\Java\jdk1.8.0_202\jre\lib\rt.jar;C:\Program Files\Java\jdk1.8.0_202\jre\lib\sunrsasign.jar;C:\Program Files\Java\jdk1.8.0_202\jre\lib\jsse.jar;C:\Program Files\Java\jdk1.8.0_202\jre\lib\jce.jar;C:\Program Files\Java\jdk1.8.0_202\jre\lib\charsets.jar;C:\Program Files\Java\jdk1.8.0_202\jre\lib\jfr.jar;C:\Program Files\Java\jdk1.8.0_202\jre\classes"/>
    <property name="EXECUTOR_NUMBER" value="0"/>
    <property name="sun.desktop" value="windows"/>
    <property name="PATHEXT" value=".COM;.EXE;.BAT;.CMD;.VBS;.VBE;.JS;.JSE;.WSF;.WSH;.MSC"/>
    <property name="java.vm.specification.vendor" value="Oracle Corporation"/>
    <property name="NODE_LABELS" value="master"/>
    <property name="TEMP" value="C:\Users\CHINU\AppData\Local\Temp"/>
    <property name="java.runtime.version" value="1.8.0_202-b08"/>
    <property name="user.name" value="CHINU"/>
    <property name="guice.disable.misplaced.annotation.check" value="true"/>
    <property name="CommonProgramW6432" value="C:\Program Files\Common Files"/>
    <property name="ProgramFiles" value="C:\Program Files"/>
    <property name="PROMPT" value="$P$G"/>
    <property name="user.language" value="en"/>
    <property name="JOB_BASE_NAME" value="GCRCucumber"/>
    <property name="RUN_CHANGES_DISPLAY_URL" value="http://localhost:8080/job/GCRCucumber/1/display/redirect?page=changes"/>
    <property name="BUILD_DISPLAY_NAME" value="#1"/>
    <property name="OneDrive" value="C:\Users\CHINU\OneDrive"/>
    <property name="sun.boot.library.path" value="C:\Program Files\Java\jdk1.8.0_202\jre\bin"/>
    <property name="LOCALAPPDATA" value="C:\Users\CHINU\AppData\Local"/>
    <property name="java.version" value="1.8.0_202"/>
    <property name="PROCESSOR_LEVEL" value="6"/>
    <property name="user.timezone" value="Asia/Calcutta"/>
    <property name="USERNAME" value="CHINU"/>
    <property name="sun.arch.data.model" value="64"/>
    <property name="NODE_NAME" value="master"/>
    <property name="OneDriveConsumer" value="C:\Users\CHINU\OneDrive"/>
    <property name="java.endorsed.dirs" value="C:\Program Files\Java\jdk1.8.0_202\jre\lib\endorsed"/>
    <property name="BUILD_ID" value="1"/>
    <property name="sun.cpu.isalist" value="amd64"/>
    <property name="sun.jnu.encoding" value="Cp1252"/>
    <property name="file.encoding.pkg" value="sun.io"/>
    <property name="file.separator" value="\"/>
    <property name="java.specification.name" value="Java Platform API Specification"/>
    <property name="HOMEDRIVE" value="C:"/>
    <property name="java.class.version" value="52.0"/>
    <property name="=::" value="::\"/>
    <property name="org.slf4j.simpleLogger.defaultLogLevel" value="info"/>
    <property name="user.country" value="US"/>
    <property name="ALLUSERSPROFILE" value="C:\ProgramData"/>
    <property name="java.home" value="C:\Program Files\Java\jdk1.8.0_202\jre"/>
    <property name="java.vm.info" value="mixed mode"/>
    <property name="os.version" value="10.0"/>
    <property name="RUN_DISPLAY_URL" value="http://localhost:8080/job/GCRCucumber/1/display/redirect"/>
    <property name="TMP" value="C:\Users\CHINU\AppData\Local\Temp"/>
    <property name="path.separator" value=";"/>
    <property name="java.vm.version" value="25.202-b08"/>
    <property name="user.variant" value=""/>
    <property name="JOB_DISPLAY_URL" value="http://localhost:8080/job/GCRCucumber/display/redirect"/>
    <property name="CommonProgramFiles(x86)" value="C:\Program Files (x86)\Common Files"/>
    <property name="USERDOMAIN_ROAMINGPROFILE" value="STUDENT"/>
    <property name="java.awt.printerjob" value="sun.awt.windows.WPrinterJob"/>
    <property name="JAVA_HOME" value="C:\Program Files\Java\jdk1.8.0_202"/>
    <property name="sun.io.unicode.encoding" value="UnicodeLittle"/>
    <property name="CommonProgramFiles" value="C:\Program Files\Common Files"/>
    <property name="ComSpec" value="C:\WINDOWS\system32\cmd.exe"/>
    <property name="HOMEPATH" value="\Users\CHINU"/>
    <property name="awt.toolkit" value="sun.awt.windows.WToolkit"/>
    <property name="COMPUTERNAME" value="STUDENT"/>
    <property name="user.script" value=""/>
    <property name="PUBLIC" value="C:\Users\Public"/>
    <property name="user.home" value="C:\Users\CHINU"/>
    <property name="BUILD_TAG" value="jenkins-GCRCucumber-1"/>
    <property name="JENKINS_SERVER_COOKIE" value="46345e726cee1f21"/>
    <property name="HUDSON_URL" value="http://localhost:8080/"/>
    <property name="ProgramData" value="C:\ProgramData"/>
    <property name="java.specification.vendor" value="Oracle Corporation"/>
    <property name="USERPROFILE" value="C:\Users\CHINU"/>
    <property name="CLASSPATH" value=""/>
    <property name="java.vendor.url" value="http://java.oracle.com/"/>
    <property name="java.library.path" value="C:\Program Files\Java\jdk1.8.0_202\bin;C:\WINDOWS\Sun\Java\bin;C:\WINDOWS\system32;C:\WINDOWS;C:\ejagruti-automation\maven/bin;C:\Program Files\Java\jdk1.8.0_202/bin;C:\Program Files\Java\jdk1.8.0_202/bin;C:\Program Files (x86)\Common Files\Oracle\Java\javapath;C:\ProgramData\Oracle\Java\javapath;C:\WINDOWS\system32;C:\WINDOWS;C:\WINDOWS\System32\Wbem;C:\WINDOWS\System32\WindowsPowerShell\v1.0\;C:\WINDOWS\System32\OpenSSH\;C:\Program Files\Intel\WiFi\bin\;C:\Program Files\Common Files\Intel\WirelessCommon\;C:\Program Files (x86)\MySQL\MySQL Server 5.5\bin;C:\ejagruti-automation\maven\bin;C:\Program Files\Java\jdk1.8.0_202\bin;C:\Program Files\Java\jre1.8.0_202\bin;C:\Program Files\nodejs\;C:\Program Files\PuTTY\;C:\Program Files\Git\cmd;C:\Program Files\Git\mingw64\bin;C:\Program Files\Git\usr\bin;C:\Users\CHINU\AppData\Local\Microsoft\WindowsApps;C:\Program Files\Intel\WiFi\bin\;C:\Program Files\Common Files\Intel\WirelessCommon\;C:\Users\CHINU\AppData\Local\Programs\Microsoft VS Code\bin;C:\Users\CHINU\AppData\Roaming\npm;C:\Program Files\nodejs;;."/>
    <property name="java.vm.vendor" value="Oracle Corporation"/>
    <property name="APPDATA" value="C:\Users\CHINU\AppData\Roaming"/>
    <property name="java.runtime.name" value="Java(TM) SE Runtime Environment"/>
    <property name="maven.home" value="C:\ejagruti-automation\maven"/>
    <property name="java.class.path" value="C:\Users\CHINU\.jenkins\plugins\maven-plugin\WEB-INF\lib\maven33-agent-1.13.jar;C:\ejagruti-automation\maven\boot\plexus-classworlds-2.5.2.jar;C:\ejagruti-automation\maven/conf/logging"/>
    <property name="sun.java.command" value="jenkins.maven3.agent.Maven33Main C:\ejagruti-automation\maven C:\Users\CHINU\.jenkins\war\WEB-INF\lib\remoting-3.33.jar C:\Users\CHINU\.jenkins\plugins\maven-plugin\WEB-INF\lib\maven33-interceptor-1.13.jar C:\Users\CHINU\.jenkins\plugins\maven-plugin\WEB-INF\lib\maven3-interceptor-commons-1.13.jar 53307"/>
    <property name="Path" value="C:\Program Files\Java\jdk1.8.0_202/bin;C:\Program Files (x86)\Common Files\Oracle\Java\javapath;C:\ProgramData\Oracle\Java\javapath;C:\WINDOWS\system32;C:\WINDOWS;C:\WINDOWS\System32\Wbem;C:\WINDOWS\System32\WindowsPowerShell\v1.0\;C:\WINDOWS\System32\OpenSSH\;C:\Program Files\Intel\WiFi\bin\;C:\Program Files\Common Files\Intel\WirelessCommon\;C:\Program Files (x86)\MySQL\MySQL Server 5.5\bin;C:\ejagruti-automation\maven\bin;C:\Program Files\Java\jdk1.8.0_202\bin;C:\Program Files\Java\jre1.8.0_202\bin;C:\Program Files\nodejs\;C:\Program Files\PuTTY\;C:\Program Files\Git\cmd;C:\Program Files\Git\mingw64\bin;C:\Program Files\Git\usr\bin;C:\Users\CHINU\AppData\Local\Microsoft\WindowsApps;C:\Program Files\Intel\WiFi\bin\;C:\Program Files\Common Files\Intel\WirelessCommon\;C:\Users\CHINU\AppData\Local\Programs\Microsoft VS Code\bin;C:\Users\CHINU\AppData\Roaming\npm;C:\Program Files\nodejs;"/>
    <property name="java.vm.specification.name" value="Java Virtual Machine Specification"/>
    <property name="PROCESSOR_ARCHITECTURE" value="AMD64"/>
    <property name="PATH+JDK" value="C:\Program Files\Java\jdk1.8.0_202/bin"/>
    <property name="PROCESSOR_IDENTIFIER" value="Intel64 Family 6 Model 69 Stepping 1, GenuineIntel"/>
    <property name="SESSIONNAME" value="Console"/>
    <property name="java.vm.specification.version" value="1.8"/>
    <property name="sun.os.patch.level" value=""/>
    <property name="sun.cpu.endian" value="little"/>
    <property name="M2_HOME" value="C:\ejagruti-automation\maven"/>
    <property name="java.io.tmpdir" value="C:\Users\CHINU\AppData\Local\Temp\"/>
    <property name="OS" value="Windows_NT"/>
    <property name="HUDSON_HOME" value="C:\Users\CHINU\.jenkins"/>
    <property name="PATH+MAVEN" value="C:\ejagruti-automation\maven/bin"/>
    <property name="ProgramFiles(x86)" value="C:\Program Files (x86)"/>
    <property name="BUILD_URL" value="http://localhost:8080/job/GCRCucumber/1/"/>
    <property name="java.vendor.url.bug" value="http://bugreport.sun.com/bugreport/"/>
    <property name="java.awt.graphicsenv" value="sun.awt.Win32GraphicsEnvironment"/>
    <property name="os.arch" value="amd64"/>
    <property name="SystemRoot" value="C:\WINDOWS"/>
    <property name="java.ext.dirs" value="C:\Program Files\Java\jdk1.8.0_202\jre\lib\ext;C:\WINDOWS\Sun\Java\lib\ext"/>
    <property name="user.dir" value="D:\Software Testing\Vikas_Teaching_WorkSpace\CucumberDemo"/>
    <property name="JOB_URL" value="http://localhost:8080/job/GCRCucumber/"/>
    <property name="LOGONSERVER" value="\\STUDENT"/>
    <property name="USERDOMAIN" value="STUDENT"/>
    <property name="line.separator" value="
"/>
    <property name="MAVEN_HOME" value="C:\ejagruti-automation\maven"/>
    <property name="java.vm.name" value="Java HotSpot(TM) 64-Bit Server VM"/>
    <property name="BUILD_NUMBER" value="1"/>
    <property name="JENKINS_URL" value="http://localhost:8080/"/>
    <property name="PROCESSOR_REVISION" value="4501"/>
    <property name="ProgramW6432" value="C:\Program Files"/>
    <property name="windir" value="C:\WINDOWS"/>
    <property name="=C:" value="C:\Jenkins"/>
    <property name="file.encoding" value="Cp1252"/>
    <property name="SystemDrive" value="C:"/>
    <property name="maven3.interceptor" value="C:\Users\CHINU\.jenkins\plugins\maven-plugin\WEB-INF\lib\maven33-interceptor-1.13.jar"/>
    <property name="WORKSPACE" value="C:\Users\CHINU\.jenkins\workspace\GCRCucumber"/>
    <property name="maven3.interceptor.common" value="C:\Users\CHINU\.jenkins\plugins\maven-plugin\WEB-INF\lib\maven3-interceptor-commons-1.13.jar"/>
    <property name="java.specification.version" value="1.8"/>
    <property name="PSModulePath" value="C:\Program Files (x86)\WindowsPowerShell\Modules;C:\WINDOWS\system32\WindowsPowerShell\v1.0\Modules;C:\Program Files (x86)\AutoIt3\AutoItX"/>
    <property name="DriverData" value="C:\Windows\System32\Drivers\DriverData"/>
  </properties>
  <testcase classname="Scenario: Verify login functionality ussing valid username and password" name="When user opens &quot;Chrome&quot; browser" time="0.008"/>
  <testcase classname="Scenario: Verify login functionality ussing valid username and password" name="When user enters &quot;http://www.gcrit.com/build3/admin/login.php&quot; url" time="0"/>
  <testcase classname="Scenario: Verify login functionality ussing valid username and password" name="Then user will be on application login page" time="0"/>
  <testcase classname="Scenario: Verify login functionality ussing valid username and password" name="When user enters &quot;admin&quot; as a username" time="0"/>
  <testcase classname="Scenario: Verify login functionality ussing valid username and password" name="When user enters &quot;admin@123&quot; as a password" time="0"/>
  <testcase classname="Scenario: Verify login functionality ussing valid username and password" name="When user clicks on submit button" time="0"/>
  <testcase classname="Scenario: Verify login functionality ussing valid username and password" name="Then user will be on apllication home page" time="0"/>
  <testcase classname="Scenario: Verify login functionality ussing valid username and password" name="And user clicks on logout link" time="0"/>
  <testcase classname="Scenario: Verify login functionality ussing valid username and password" name="Then user will be on application login page" time="0"/>
  <testcase classname="Scenario: Verify login functionality ussing valid username and password" name="Then close the browser" time="0"/>
  <testcase classname="Scenario: Verify login functionality ussing valid username and password" name="Scenario: Verify login functionality ussing valid username and password" time="0.535"/>
  <testcase classname="| admin | Admin@123 |" name="When user opens &quot;Chrome&quot; browser" time="0"/>
  <testcase classname="| admin | Admin@123 |" name="When user enters &quot;http://www.gcrit.com/build3/admin/login.php&quot; url" time="0"/>
  <testcase classname="| admin | Admin@123 |" name="Then user will be on application login page" time="0"/>
  <testcase classname="| admin | Admin@123 |" name="When user enters &quot;admin&quot; as a username" time="0"/>
  <testcase classname="| admin | Admin@123 |" name="When user enters &quot;Admin@123&quot; as a password" time="0"/>
  <testcase classname="| admin | Admin@123 |" name="When user clicks on submit button" time="0"/>
  <testcase classname="| admin | Admin@123 |" name="Then user should get &quot; Error: Invalid administrator login attempt.&quot; as an error message" time="0"/>
  <testcase classname="| admin | Admin@123 |" name="Then close the browser" time="0"/>
  <testcase classname="| admin | Admin@123 |" name="| admin | Admin@123 |" time="0.232"/>
  <testcase classname="| Admin | admin@123 |" name="When user opens &quot;Chrome&quot; browser" time="0"/>
  <testcase classname="| Admin | admin@123 |" name="When user enters &quot;http://www.gcrit.com/build3/admin/login.php&quot; url" time="0"/>
  <testcase classname="| Admin | admin@123 |" name="Then user will be on application login page" time="0"/>
  <testcase classname="| Admin | admin@123 |" name="When user enters &quot;Admin&quot; as a username" time="0"/>
  <testcase classname="| Admin | admin@123 |" name="When user enters &quot;admin@123&quot; as a password" time="0"/>
  <testcase classname="| Admin | admin@123 |" name="When user clicks on submit button" time="0"/>
  <testcase classname="| Admin | admin@123 |" name="Then user should get &quot; Error: Invalid administrator login attempt.&quot; as an error message" time="0"/>
  <testcase classname="| Admin | admin@123 |" name="Then close the browser" time="0"/>
  <testcase classname="| Admin | admin@123 |" name="| Admin | admin@123 |" time="0.212"/>
  <testcase classname="| Admin | Admin@123 |" name="When user opens &quot;Chrome&quot; browser" time="0"/>
  <testcase classname="| Admin | Admin@123 |" name="When user enters &quot;http://www.gcrit.com/build3/admin/login.php&quot; url" time="0"/>
  <testcase classname="| Admin | Admin@123 |" name="Then user will be on application login page" time="0"/>
  <testcase classname="| Admin | Admin@123 |" name="When user enters &quot;Admin&quot; as a username" time="0"/>
  <testcase classname="| Admin | Admin@123 |" name="When user enters &quot;Admin@123&quot; as a password" time="0"/>
  <testcase classname="| Admin | Admin@123 |" name="When user clicks on submit button" time="0"/>
  <testcase classname="| Admin | Admin@123 |" name="Then user should get &quot; Error: Invalid administrator login attempt.&quot; as an error message" time="0"/>
  <testcase classname="| Admin | Admin@123 |" name="Then close the browser" time="0"/>
  <testcase classname="| Admin | Admin@123 |" name="| Admin | Admin@123 |" time="0.199"/>
</testsuite>